{"level":"info","message":"Server running on port 5000","service":"taskboard-service","timestamp":"2024-10-24 23:40:48"}
{"level":"info","message":"Server running on port 5000","service":"taskboard-service","timestamp":"2024-10-24 23:41:50"}
{"level":"info","message":"Server running on port 5000","service":"taskboard-service","timestamp":"2024-10-25 09:14:48"}
{"level":"error","message":"Error occurred: Resource not found","service":"taskboard-service","timestamp":"2024-10-25 11:48:32"}
{"level":"error","message":"Error occurred: Resource not found","service":"taskboard-service","timestamp":"2024-10-25 11:48:32"}
{"level":"error","message":"Error occurred: Resource not found","service":"taskboard-service","timestamp":"2024-10-25 11:49:26"}
{"level":"error","message":"Error occurred: Resource not found","service":"taskboard-service","timestamp":"2024-10-25 11:49:26"}
{"level":"error","message":"Error occurred: Resource not found","service":"taskboard-service","timestamp":"2024-10-25 11:49:29"}
{"level":"error","message":"Error occurred: Resource not found","service":"taskboard-service","timestamp":"2024-10-25 11:49:29"}
{"level":"info","message":"Server running on port 5000","service":"taskboard-service","timestamp":"2024-10-25 11:53:49"}
{"level":"info","message":"Server running on port 5000","service":"taskboard-service","timestamp":"2024-10-25 11:53:52"}
{"level":"error","message":"Error occurred: Resource not found","service":"taskboard-service","timestamp":"2024-10-25 12:01:15"}
{"level":"info","message":"Server running on port 5000","service":"taskboard-service","timestamp":"2024-10-25 12:01:47"}
{"level":"info","message":"Server running on port 5000","service":"taskboard-service","timestamp":"2024-10-25 12:01:49"}
{"level":"info","message":"Server running on port 5000","service":"taskboard-service","timestamp":"2024-10-25 12:01:51"}
{"level":"info","message":"Server running on port 5000","service":"taskboard-service","timestamp":"2024-10-25 12:01:54"}
{"level":"info","message":"Server running on port 5000","service":"taskboard-service","timestamp":"2024-10-25 12:02:06"}
{"level":"info","message":"Server running on port 3000","service":"taskboard-service","timestamp":"2024-10-25 12:03:43"}
{"level":"info","message":"Server running on port 3000","service":"taskboard-service","timestamp":"2024-10-25 12:03:54"}
{"level":"info","message":"Server running on port 3000","service":"taskboard-service","timestamp":"2024-10-25 12:04:18"}
{"level":"info","message":"Server running on port 3000","service":"taskboard-service","timestamp":"2024-10-25 12:04:24"}
{"level":"info","message":"Server running on port 3000","service":"taskboard-service","timestamp":"2024-10-25 12:04:44"}
{"level":"info","message":"Server running on port 3000","service":"taskboard-service","timestamp":"2024-10-25 12:05:49"}
{"level":"info","message":"Server running on port 3000","service":"taskboard-service","timestamp":"2024-10-25 12:06:17"}
{"level":"info","message":"Server running on port 3000","service":"taskboard-service","timestamp":"2024-10-25 12:06:18"}
{"level":"info","message":"Server running on port 3000","service":"taskboard-service","timestamp":"2024-10-25 12:06:20"}
{"level":"info","message":"Server running on port 3000","service":"taskboard-service","timestamp":"2024-10-25 12:06:22"}
{"level":"info","message":"Server running on port 3000","service":"taskboard-service","timestamp":"2024-10-25 12:06:25"}
{"level":"info","message":"Server running on port 3000","service":"taskboard-service","timestamp":"2024-10-25 12:06:28"}
{"level":"info","message":"Server running on port 3000","service":"taskboard-service","timestamp":"2024-10-25 12:06:46"}
{"level":"info","message":"Server running on port 3000","service":"taskboard-service","timestamp":"2024-10-25 12:06:53"}
{"level":"info","message":"Server running on port 3000","service":"taskboard-service","timestamp":"2024-10-25 12:06:55"}
{"level":"info","message":"Server running on port 3000","service":"taskboard-service","timestamp":"2024-10-25 12:06:57"}
{"level":"info","message":"Task created: 671b6007ccc6c28ff390142c","service":"taskboard-service","timestamp":"2024-10-25 12:08:23"}
{"level":"error","message":"Error occurred: Resource not found","service":"taskboard-service","timestamp":"2024-10-25 12:09:01"}
{"level":"error","message":"Error occurred: Resource not found","service":"taskboard-service","timestamp":"2024-10-25 12:09:09"}
{"level":"info","message":"Server running on port 3000","service":"taskboard-service","timestamp":"2024-10-25 12:09:47"}
{"level":"info","message":"Server running on port 3000","service":"taskboard-service","timestamp":"2024-10-25 12:09:49"}
{"level":"info","message":"Server running on port 3000","service":"taskboard-service","timestamp":"2024-10-25 12:12:55"}
{"level":"info","message":"Server running on port 3000","service":"taskboard-service","timestamp":"2024-10-25 12:12:59"}
{"level":"info","message":"Server running on port 3000","service":"taskboard-service","timestamp":"2024-10-25 12:14:08"}
{"level":"info","message":"Server running on port 3000","service":"taskboard-service","timestamp":"2024-10-25 12:14:15"}
{"level":"info","message":"Server running on port 3000","service":"taskboard-service","timestamp":"2024-10-25 12:14:18"}
{"level":"info","message":"Server running on port 3000","service":"taskboard-service","timestamp":"2024-10-25 12:21:54"}
{"level":"info","message":"Server running on port 3000","service":"taskboard-service","timestamp":"2024-10-25 12:22:18"}
{"level":"error","message":"Error fetching task: cache is not defined","service":"taskboard-service","timestamp":"2024-10-25 12:22:33"}
{"level":"info","message":"Server running on port 3000","service":"taskboard-service","timestamp":"2024-10-25 12:22:56"}
{"level":"error","message":"Error fetching task: cache is not defined","service":"taskboard-service","timestamp":"2024-10-25 12:22:58"}
{"level":"info","message":"Server running on port 3000","service":"taskboard-service","timestamp":"2024-10-25 12:25:19"}
{"level":"info","message":"Server running on port 3000","service":"taskboard-service","timestamp":"2024-10-25 12:25:29"}
{"level":"info","message":"Server running on port 3000","service":"taskboard-service","timestamp":"2024-10-25 12:25:48"}
{"level":"info","message":"Fetched task: 671b6007ccc6c28ff390142c","service":"taskboard-service","timestamp":"2024-10-25 12:25:54"}
{"level":"info","message":"Server running on port 3000","service":"taskboard-service","timestamp":"2024-10-25 18:51:12"}
{"level":"info","message":"Server running on port 3000","service":"taskboard-service","timestamp":"2024-10-25 18:51:13"}
{"level":"info","message":"Server running on port 3000","service":"taskboard-service","timestamp":"2024-10-25 19:01:25"}
{"level":"info","message":"Server running on port 3000","service":"taskboard-service","timestamp":"2024-10-25 19:01:29"}
{"level":"info","message":"Server running on port 3000","service":"taskboard-service","timestamp":"2024-10-25 19:19:14"}
{"level":"info","message":"Server running on port 3000","service":"taskboard-service","timestamp":"2024-10-25 22:39:48"}
{"level":"info","message":"Server running on port 3000","service":"taskboard-service","timestamp":"2024-10-25 22:42:15"}
{"level":"info","message":"Server running on port 3000","service":"taskboard-service","timestamp":"2024-10-25 22:42:29"}
{"level":"info","message":"Server running on port 3000","service":"taskboard-service","timestamp":"2024-10-25 22:42:44"}
{"level":"info","message":"Server running on port 3000","service":"taskboard-service","timestamp":"2024-10-25 22:42:49"}
{"level":"info","message":"Server running on port 3000","service":"taskboard-service","timestamp":"2024-10-25 22:42:55"}
{"level":"info","message":"Server running on port 3000","service":"taskboard-service","timestamp":"2024-10-25 22:42:57"}
{"level":"info","message":"Server running on port 3000","service":"taskboard-service","timestamp":"2024-10-25 22:42:59"}
{"level":"info","message":"Server running on port 3000","service":"taskboard-service","timestamp":"2024-10-25 22:43:00"}
{"level":"info","message":"Server running on port 3000","service":"taskboard-service","timestamp":"2024-10-25 22:43:01"}
{"level":"info","message":"Server running on port 3000","service":"taskboard-service","timestamp":"2024-10-25 22:43:03"}
{"level":"info","message":"Server running on port 3000","service":"taskboard-service","timestamp":"2024-10-25 22:43:16"}
{"level":"info","message":"Server running on port 3000","service":"taskboard-service","timestamp":"2024-10-25 22:43:20"}
{"level":"info","message":"Server running on port 3000","service":"taskboard-service","timestamp":"2024-10-25 23:16:33"}
{"level":"info","message":"Server running on port 3000","service":"taskboard-service","timestamp":"2024-10-25 23:17:11"}
{"level":"info","message":"Server running on port 3000","service":"taskboard-service","timestamp":"2024-10-25 23:17:12"}
{"level":"info","message":"Server running on port 3000","service":"taskboard-service","timestamp":"2024-10-25 23:17:13"}
{"level":"info","message":"Server running on port 3000","service":"taskboard-service","timestamp":"2024-10-25 23:19:13"}
{"level":"info","message":"Server running on port 3000","service":"taskboard-service","timestamp":"2024-10-25 23:19:47"}
{"level":"info","message":"Server running on port 3000","service":"taskboard-service","timestamp":"2024-10-25 23:22:16"}
{"level":"info","message":"Server running on port 3000","service":"taskboard-service","timestamp":"2024-10-25 23:22:19"}
{"level":"info","message":"Server running on port 3000","service":"taskboard-service","timestamp":"2024-10-25 23:22:44"}
{"level":"info","message":"Server running on port 3000","service":"taskboard-service","timestamp":"2024-10-25 23:22:53"}
{"level":"info","message":"Server running on port 3000","service":"taskboard-service","timestamp":"2024-10-25 23:22:55"}
{"level":"info","message":"Server running on port 3000","service":"taskboard-service","timestamp":"2024-10-25 23:23:12"}
{"level":"error","message":"Error fetching tasks: taskService is not defined","service":"taskboard-service","timestamp":"2024-10-25 23:23:16"}
{"level":"error","message":"Error fetching tasks: taskService is not defined","service":"taskboard-service","timestamp":"2024-10-25 23:23:27"}
{"level":"error","message":"Error fetching tasks: taskService is not defined","service":"taskboard-service","timestamp":"2024-10-25 23:23:37"}
{"level":"info","message":"Server running on port 3000","service":"taskboard-service","timestamp":"2024-10-25 23:34:11"}
{"level":"info","message":"Server running on port 3000","service":"taskboard-service","timestamp":"2024-10-25 23:34:15"}
{"level":"info","message":"Server running on port 3000","service":"taskboard-service","timestamp":"2024-10-25 23:36:26"}
{"level":"info","message":"Server running on port 3000","service":"taskboard-service","timestamp":"2024-10-25 23:36:31"}
{"level":"info","message":"Server running on port 3000","service":"taskboard-service","timestamp":"2024-10-25 23:37:38"}
{"level":"info","message":"Server running on port 3000","service":"taskboard-service","timestamp":"2024-10-25 23:37:40"}
{"level":"info","message":"Server running on port 3000","service":"taskboard-service","timestamp":"2024-10-25 23:38:02"}
{"level":"info","message":"Server running on port 3000","service":"taskboard-service","timestamp":"2024-10-25 23:38:43"}
{"level":"error","message":"Error occurred: taskService is not defined","service":"taskboard-service","timestamp":"2024-10-25 23:42:13"}
{"level":"info","message":"Server running on port 3000","service":"taskboard-service","timestamp":"2024-10-25 23:42:45"}
{"level":"info","message":"Server running on port 3000","service":"taskboard-service","timestamp":"2024-10-25 23:47:55"}
{"level":"info","message":"Server running on port 3000","service":"taskboard-service","timestamp":"2024-10-26 13:48:53"}
{"level":"info","message":"Server running on port 3000","service":"taskboard-service","timestamp":"2024-10-26 13:49:49"}
{"level":"info","message":"Server running on port 3000","service":"taskboard-service","timestamp":"2024-10-26 13:51:44"}
{"level":"info","message":"Server running on port 3000","service":"taskboard-service","timestamp":"2024-10-26 13:53:41"}
{"level":"info","message":"Server running on port 3000","service":"taskboard-service","timestamp":"2024-10-26 13:53:46"}
{"level":"info","message":"Server running on port 3000","service":"taskboard-service","timestamp":"2024-10-26 13:55:19"}
{"level":"info","message":"Server running on port 3000","service":"taskboard-service","timestamp":"2024-10-26 13:56:04"}
{"level":"info","message":"Server running on port 3000","service":"taskboard-service","timestamp":"2024-10-26 13:56:18"}
{"level":"info","message":"Server running on port 3000","service":"taskboard-service","timestamp":"2024-10-26 13:56:21"}
{"level":"info","message":"Server running on port 3000","service":"taskboard-service","timestamp":"2024-10-26 13:56:50"}
{"level":"info","message":"Server running on port 3000","service":"taskboard-service","timestamp":"2024-10-26 13:56:54"}
{"level":"error","message":"Error occurred: getaddrinfo ENOTFOUND ac-sy6qtkn-shard-00-01.4bsjii7.mongodb.net","service":"taskboard-service","timestamp":"2024-10-26 14:03:24"}
{"level":"error","message":"Error occurred: getaddrinfo ENOTFOUND ac-sy6qtkn-shard-00-01.4bsjii7.mongodb.net","service":"taskboard-service","timestamp":"2024-10-26 14:42:51"}
{"level":"error","message":"Error occurred: getaddrinfo ENOTFOUND ac-sy6qtkn-shard-00-01.4bsjii7.mongodb.net","service":"taskboard-service","timestamp":"2024-10-26 14:42:54"}
{"level":"error","message":"Error occurred: getaddrinfo ENOTFOUND ac-sy6qtkn-shard-00-01.4bsjii7.mongodb.net","service":"taskboard-service","timestamp":"2024-10-26 14:42:59"}
{"level":"error","message":"Error occurred: getaddrinfo ENOTFOUND ac-sy6qtkn-shard-00-01.4bsjii7.mongodb.net","service":"taskboard-service","timestamp":"2024-10-26 14:43:09"}
{"level":"error","message":"Error occurred: getaddrinfo ENOTFOUND ac-sy6qtkn-shard-00-01.4bsjii7.mongodb.net","service":"taskboard-service","timestamp":"2024-10-26 14:43:14"}
{"level":"error","message":"Error occurred: getaddrinfo ENOTFOUND ac-sy6qtkn-shard-00-01.4bsjii7.mongodb.net","service":"taskboard-service","timestamp":"2024-10-26 14:43:24"}
{"level":"error","message":"Error occurred: getaddrinfo ENOTFOUND ac-sy6qtkn-shard-00-01.4bsjii7.mongodb.net","service":"taskboard-service","timestamp":"2024-10-26 14:43:30"}
{"level":"error","message":"Error occurred: getaddrinfo ENOTFOUND ac-sy6qtkn-shard-00-01.4bsjii7.mongodb.net","service":"taskboard-service","timestamp":"2024-10-26 14:43:32"}
{"level":"error","message":"Error occurred: getaddrinfo ENOTFOUND ac-sy6qtkn-shard-00-01.4bsjii7.mongodb.net","service":"taskboard-service","timestamp":"2024-10-26 14:43:34"}
{"level":"error","message":"Error occurred: getaddrinfo ENOTFOUND ac-sy6qtkn-shard-00-01.4bsjii7.mongodb.net","service":"taskboard-service","timestamp":"2024-10-26 14:43:48"}
{"level":"error","message":"Error occurred: getaddrinfo ENOTFOUND ac-sy6qtkn-shard-00-01.4bsjii7.mongodb.net","service":"taskboard-service","timestamp":"2024-10-26 14:44:51"}
{"level":"error","message":"Error occurred: getaddrinfo ENOTFOUND ac-sy6qtkn-shard-00-01.4bsjii7.mongodb.net","service":"taskboard-service","timestamp":"2024-10-26 14:44:53"}
{"level":"error","message":"Error occurred: getaddrinfo ENOTFOUND ac-sy6qtkn-shard-00-01.4bsjii7.mongodb.net","service":"taskboard-service","timestamp":"2024-10-26 14:45:00"}
{"level":"error","message":"Error occurred: getaddrinfo ENOTFOUND ac-sy6qtkn-shard-00-01.4bsjii7.mongodb.net","service":"taskboard-service","timestamp":"2024-10-26 14:45:02"}
{"level":"error","message":"Error occurred: getaddrinfo ENOTFOUND ac-sy6qtkn-shard-00-01.4bsjii7.mongodb.net","service":"taskboard-service","timestamp":"2024-10-26 14:45:12"}
{"level":"error","message":"Error occurred: getaddrinfo ENOTFOUND ac-sy6qtkn-shard-00-01.4bsjii7.mongodb.net","service":"taskboard-service","timestamp":"2024-10-26 14:45:27"}
{"level":"error","message":"Error occurred: getaddrinfo ENOTFOUND ac-sy6qtkn-shard-00-01.4bsjii7.mongodb.net","service":"taskboard-service","timestamp":"2024-10-26 14:45:47"}
{"level":"info","message":"Task created: 671d41f2a29257bcedc91ae9","service":"taskboard-service","timestamp":"2024-10-26 22:24:34"}
{"level":"info","message":"Server running on port 3000","service":"taskboard-service","timestamp":"2024-10-26 22:25:50"}
{"level":"info","message":"Server running on port 3000","service":"taskboard-service","timestamp":"2024-10-26 22:42:36"}
{"level":"info","message":"Server running on port 3000","service":"taskboard-service","timestamp":"2024-10-26 23:15:55"}
{"level":"info","message":"Server running on port 3000","service":"taskboard-service","timestamp":"2024-10-26 23:16:01"}
{"level":"info","message":"Server running on port 3000","service":"taskboard-service","timestamp":"2024-10-26 23:16:05"}
{"level":"info","message":"Task updated: 671b6007ccc6c28ff390142c","service":"taskboard-service","timestamp":"2024-10-26 23:20:39"}
{"level":"info","message":"Task updated: 671b6007ccc6c28ff390142c","service":"taskboard-service","timestamp":"2024-10-26 23:20:49"}
{"level":"info","message":"Task updated: 671b6007ccc6c28ff390142c","service":"taskboard-service","timestamp":"2024-10-26 23:20:54"}
{"level":"info","message":"Server running on port 3000","service":"taskboard-service","timestamp":"2024-10-27 00:03:48"}
{"level":"info","message":"Task created: 671d5cf607275c6cdcee3a03","service":"taskboard-service","timestamp":"2024-10-27 00:19:51"}
{"level":"info","message":"Task created: 671d5d0207275c6cdcee3a05","service":"taskboard-service","timestamp":"2024-10-27 00:20:02"}
{"level":"info","message":"Server running on port 3000","service":"taskboard-service","timestamp":"2024-10-27 00:20:25"}
{"level":"info","message":"Server running on port 3000","service":"taskboard-service","timestamp":"2024-10-27 01:23:45"}
{"level":"info","message":"Server running on port 3000","service":"taskboard-service","timestamp":"2024-10-27 01:23:47"}
{"level":"info","message":"Server running on port 3000","service":"taskboard-service","timestamp":"2024-10-27 01:23:50"}
{"level":"info","message":"Server running on port 3000","service":"taskboard-service","timestamp":"2024-10-27 01:23:52"}
{"level":"info","message":"Server running on port 3000","service":"taskboard-service","timestamp":"2024-10-27 01:39:27"}
{"level":"error","message":"Error occurred: Resource not found","service":"taskboard-service","timestamp":"2024-10-27 01:39:31"}
{"level":"error","message":"Error occurred: Resource not found","service":"taskboard-service","timestamp":"2024-10-27 01:39:32"}
{"level":"info","message":"Server running on port 3000","service":"taskboard-service","timestamp":"2024-10-27 11:59:26"}
