{"level":"error","message":"Error occurred: Resource not found","service":"taskboard-service","timestamp":"2024-10-25 11:48:32"}
{"level":"error","message":"Error occurred: Resource not found","service":"taskboard-service","timestamp":"2024-10-25 11:48:32"}
{"level":"error","message":"Error occurred: Resource not found","service":"taskboard-service","timestamp":"2024-10-25 11:49:26"}
{"level":"error","message":"Error occurred: Resource not found","service":"taskboard-service","timestamp":"2024-10-25 11:49:26"}
{"level":"error","message":"Error occurred: Resource not found","service":"taskboard-service","timestamp":"2024-10-25 11:49:29"}
{"level":"error","message":"Error occurred: Resource not found","service":"taskboard-service","timestamp":"2024-10-25 11:49:29"}
{"level":"error","message":"Error occurred: Resource not found","service":"taskboard-service","timestamp":"2024-10-25 12:01:15"}
{"level":"error","message":"Error occurred: Resource not found","service":"taskboard-service","timestamp":"2024-10-25 12:09:01"}
{"level":"error","message":"Error occurred: Resource not found","service":"taskboard-service","timestamp":"2024-10-25 12:09:09"}
{"level":"error","message":"Error fetching task: cache is not defined","service":"taskboard-service","timestamp":"2024-10-25 12:22:33"}
{"level":"error","message":"Error fetching task: cache is not defined","service":"taskboard-service","timestamp":"2024-10-25 12:22:58"}
{"level":"error","message":"Error fetching tasks: taskService is not defined","service":"taskboard-service","timestamp":"2024-10-25 23:23:16"}
{"level":"error","message":"Error fetching tasks: taskService is not defined","service":"taskboard-service","timestamp":"2024-10-25 23:23:27"}
{"level":"error","message":"Error fetching tasks: taskService is not defined","service":"taskboard-service","timestamp":"2024-10-25 23:23:37"}
{"level":"error","message":"Error occurred: taskService is not defined","service":"taskboard-service","timestamp":"2024-10-25 23:42:13"}
{"level":"error","message":"Error occurred: getaddrinfo ENOTFOUND ac-sy6qtkn-shard-00-01.4bsjii7.mongodb.net","service":"taskboard-service","timestamp":"2024-10-26 14:03:24"}
{"level":"error","message":"Error occurred: getaddrinfo ENOTFOUND ac-sy6qtkn-shard-00-01.4bsjii7.mongodb.net","service":"taskboard-service","timestamp":"2024-10-26 14:42:51"}
{"level":"error","message":"Error occurred: getaddrinfo ENOTFOUND ac-sy6qtkn-shard-00-01.4bsjii7.mongodb.net","service":"taskboard-service","timestamp":"2024-10-26 14:42:54"}
{"level":"error","message":"Error occurred: getaddrinfo ENOTFOUND ac-sy6qtkn-shard-00-01.4bsjii7.mongodb.net","service":"taskboard-service","timestamp":"2024-10-26 14:42:59"}
{"level":"error","message":"Error occurred: getaddrinfo ENOTFOUND ac-sy6qtkn-shard-00-01.4bsjii7.mongodb.net","service":"taskboard-service","timestamp":"2024-10-26 14:43:09"}
{"level":"error","message":"Error occurred: getaddrinfo ENOTFOUND ac-sy6qtkn-shard-00-01.4bsjii7.mongodb.net","service":"taskboard-service","timestamp":"2024-10-26 14:43:14"}
{"level":"error","message":"Error occurred: getaddrinfo ENOTFOUND ac-sy6qtkn-shard-00-01.4bsjii7.mongodb.net","service":"taskboard-service","timestamp":"2024-10-26 14:43:24"}
{"level":"error","message":"Error occurred: getaddrinfo ENOTFOUND ac-sy6qtkn-shard-00-01.4bsjii7.mongodb.net","service":"taskboard-service","timestamp":"2024-10-26 14:43:30"}
{"level":"error","message":"Error occurred: getaddrinfo ENOTFOUND ac-sy6qtkn-shard-00-01.4bsjii7.mongodb.net","service":"taskboard-service","timestamp":"2024-10-26 14:43:32"}
{"level":"error","message":"Error occurred: getaddrinfo ENOTFOUND ac-sy6qtkn-shard-00-01.4bsjii7.mongodb.net","service":"taskboard-service","timestamp":"2024-10-26 14:43:34"}
{"level":"error","message":"Error occurred: getaddrinfo ENOTFOUND ac-sy6qtkn-shard-00-01.4bsjii7.mongodb.net","service":"taskboard-service","timestamp":"2024-10-26 14:43:48"}
{"level":"error","message":"Error occurred: getaddrinfo ENOTFOUND ac-sy6qtkn-shard-00-01.4bsjii7.mongodb.net","service":"taskboard-service","timestamp":"2024-10-26 14:44:51"}
{"level":"error","message":"Error occurred: getaddrinfo ENOTFOUND ac-sy6qtkn-shard-00-01.4bsjii7.mongodb.net","service":"taskboard-service","timestamp":"2024-10-26 14:44:53"}
{"level":"error","message":"Error occurred: getaddrinfo ENOTFOUND ac-sy6qtkn-shard-00-01.4bsjii7.mongodb.net","service":"taskboard-service","timestamp":"2024-10-26 14:45:00"}
{"level":"error","message":"Error occurred: getaddrinfo ENOTFOUND ac-sy6qtkn-shard-00-01.4bsjii7.mongodb.net","service":"taskboard-service","timestamp":"2024-10-26 14:45:02"}
{"level":"error","message":"Error occurred: getaddrinfo ENOTFOUND ac-sy6qtkn-shard-00-01.4bsjii7.mongodb.net","service":"taskboard-service","timestamp":"2024-10-26 14:45:12"}
{"level":"error","message":"Error occurred: getaddrinfo ENOTFOUND ac-sy6qtkn-shard-00-01.4bsjii7.mongodb.net","service":"taskboard-service","timestamp":"2024-10-26 14:45:27"}
{"level":"error","message":"Error occurred: getaddrinfo ENOTFOUND ac-sy6qtkn-shard-00-01.4bsjii7.mongodb.net","service":"taskboard-service","timestamp":"2024-10-26 14:45:47"}
